#
# A fatal error has been detected by the Java Runtime Environment:
#
#  EXCEPTION_ACCESS_VIOLATION (0xc0000005) at pc=0x0000000004037b47, pid=7248, tid=0x0000000000001508
#
# JRE version: Java(TM) SE Runtime Environment (8.0_101-b13) (build 1.8.0_101-b13)
# Java VM: Java HotSpot(TM) 64-Bit Server VM (25.101-b13 mixed mode windows-amd64 compressed oops)
# Problematic frame:
# J 4761 C2 javafx.scene.control.TextInputControl.updateContent(Ljavafx/scene/control/TextFormatter$Change;Z)V (404 bytes) @ 0x0000000004037b47 [0x0000000004037480+0x6c7]
#
# Failed to write core dump. Minidumps are not enabled by default on client versions of Windows
#
# If you would like to submit a bug report, please visit:
#   http://bugreport.java.com/bugreport/crash.jsp
#

---------------  T H R E A D  ---------------

Current thread (0x0000000025d8b800):  JavaThread "Thread-372" [_thread_in_Java, id=5384, stack(0x000000003da00000,0x000000003db00000)]

siginfo: ExceptionCode=0xc0000005, reading address 0x000000000000000c

Registers:
RAX=0x00000000df1e8208, RBX=0x00000000df1e8208, RCX=0x0000000000000000, RDX=0x0000000000000001
RSP=0x000000003dafec90, RBP=0x00000000df1b9968, RSI=0x000000000000186f, RDI=0x00000000eeee58a0
R8 =0x0000000000021660, R9 =0x00000000eeab0fd0, R10=0x0000000000000000, R11=0x0000000082032d68
R12=0x0000000000000000, R13=0x000000000000186f, R14=0x0000000000000160, R15=0x0000000025d8b800
RIP=0x0000000004037b47, EFLAGS=0x0000000000010202

Top of Stack: (sp=0x000000003dafec90)
0x000000003dafec90:   000000003dafed70 0000000003f42b30
0x000000003dafeca0:   0000000021d11ab0 0000000060b0baa9
0x000000003dafecb0:   00000000df1e8178 00000000df1e8190
0x000000003dafecc0:   0000000000000000 000000008227b558
0x000000003dafecd0:   0002166000021660 0000000000021660
0x000000003dafece0:   00000000df1e81c8 0002166000000000
0x000000003dafecf0:   0000000000000003 0000000003a5cb5c
0x000000003dafed00:   0000000082caeea0 0000000003ce69ec
0x000000003dafed10:   0000000081edc030 0000000003aa82e4
0x000000003dafed20:   00000000df0e18d8 00000000df1e8178
0x000000003dafed30:   0000000081edc480 0000000082caf3f8
0x000000003dafed40:   0000001000021660 0000001000021660
0x000000003dafed50:   0000000000000000 000000008227b558
0x000000003dafed60:   00000000df1e8160 0000000082caf3f8
0x000000003dafed70:   0000000000000003 0000000000000202
0x000000003dafed80:   0000000082caeea0 0000000003f480c0 

Instructions: (pc=0x0000000004037b47)
0x0000000004037b27:   00 48 85 c0 0f 85 64 0d 00 00 48 bb 40 2c 31 82
0x0000000004037b37:   00 00 00 00 44 8b 5b 0c 44 8b 55 0c 41 8b 4b 0c
0x0000000004037b47:   45 8b 52 0c 45 8b c2 44 03 c1 45 85 c0 0f 8c 2b
0x0000000004037b57:   0d 00 00 41 81 f8 00 00 08 00 0f 87 7e 0c 00 00 


Register to memory mapping:

RAX=0x00000000df1e8208 is an oop
java.lang.String 
 - klass: 'java/lang/String'
RBX=0x00000000df1e8208 is an oop
java.lang.String 
 - klass: 'java/lang/String'
RCX=0x0000000000000000 is an unknown value
RDX=0x0000000000000001 is an unknown value
RSP=0x000000003dafec90 is pointing into the stack for thread: 0x0000000025d8b800
RBP=0x00000000df1b9968 is an oop
java.lang.String 
 - klass: 'java/lang/String'
RSI=0x000000000000186f is an unknown value
RDI=0x00000000eeee58a0 is an oop
[Ljava.lang.Object; 
 - klass: 'java/lang/Object'[]
 - length: 9234
R8 =0x0000000000021660 is an unknown value
R9 =0x00000000eeab0fd0 is an oop
javafx.scene.control.TextInputControl$UndoRedoChange 
 - klass: 'javafx/scene/control/TextInputControl$UndoRedoChange'
R10=0x0000000000000000 is an unknown value
R11=0x0000000082032d68 is an oop
[C 
 - klass: {type array char}
 - length: 0
R12=0x0000000000000000 is an unknown value
R13=0x000000000000186f is an unknown value
R14=0x0000000000000160 is an unknown value
R15=0x0000000025d8b800 is a thread


Stack: [0x000000003da00000,0x000000003db00000],  sp=0x000000003dafec90,  free space=1019k
Native frames: (J=compiled Java code, j=interpreted, Vv=VM code, C=native code)
C  0x0000000004037b47


---------------  P R O C E S S  ---------------

Java Threads: ( => current thread )
  0x0000000022a3a000 JavaThread "Thread-1453" [_thread_blocked, id=15992, stack(0x0000000028610000,0x0000000028710000)]
  0x0000000022a3e800 JavaThread "Thread-1416" [_thread_blocked, id=15860, stack(0x0000000028510000,0x0000000028610000)]
  0x0000000022a38800 JavaThread "Thread-1451" [_thread_blocked, id=15808, stack(0x0000000028310000,0x0000000028410000)]
  0x0000000022a3b800 JavaThread "Thread-1450" [_thread_blocked, id=15804, stack(0x0000000028110000,0x0000000028210000)]
  0x0000000022a3d800 JavaThread "Thread-1449" [_thread_blocked, id=15800, stack(0x0000000028010000,0x0000000028110000)]
  0x0000000025e15800 JavaThread "Thread-1448" [_thread_blocked, id=15784, stack(0x0000000027f10000,0x0000000028010000)]
  0x0000000025e15000 JavaThread "Thread-1447" [_thread_blocked, id=15780, stack(0x0000000027e10000,0x0000000027f10000)]
  0x0000000025e14000 JavaThread "Thread-1446" [_thread_blocked, id=15776, stack(0x0000000027d10000,0x0000000027e10000)]
  0x0000000025e13000 JavaThread "Thread-1445" [_thread_blocked, id=15740, stack(0x0000000027b10000,0x0000000027c10000)]
  0x0000000025e12800 JavaThread "Thread-1444" [_thread_blocked, id=15716, stack(0x0000000027a10000,0x0000000027b10000)]
  0x0000000025e11800 JavaThread "Thread-1443" [_thread_blocked, id=15712, stack(0x0000000027910000,0x0000000027a10000)]
  0x0000000025e18000 JavaThread "Thread-1442" [_thread_blocked, id=15708, stack(0x0000000027810000,0x0000000027910000)]
  0x0000000025e17000 JavaThread "Thread-1441" [_thread_blocked, id=15704, stack(0x0000000027510000,0x0000000027610000)]
  0x0000000025e16800 JavaThread "Thread-1440" [_thread_blocked, id=15696, stack(0x0000000027410000,0x0000000027510000)]
  0x0000000025e09800 JavaThread "Thread-1380" [_thread_blocked, id=15508, stack(0x0000000027110000,0x0000000027210000)]
  0x0000000025e08800 JavaThread "Thread-1438" [_thread_blocked, id=15500, stack(0x0000000020f40000,0x0000000021040000)]
  0x0000000025df0800 JavaThread "Thread-1437" [_thread_blocked, id=932, stack(0x000000007e500000,0x000000007e600000)]
  0x0000000025e28800 JavaThread "Thread-1407" [_thread_blocked, id=15000, stack(0x000000007d200000,0x000000007d300000)]
  0x0000000025e1c800 JavaThread "Thread-1421" [_thread_blocked, id=14872, stack(0x000000007d100000,0x000000007d200000)]
  0x0000000025e23000 JavaThread "Thread-1420" [_thread_blocked, id=3396, stack(0x000000007d000000,0x000000007d100000)]
  0x0000000025e1f800 JavaThread "Thread-1411" [_thread_blocked, id=14952, stack(0x000000007ca00000,0x000000007cb00000)]
  0x0000000025e21000 JavaThread "Thread-1414" [_thread_blocked, id=572, stack(0x000000007c700000,0x000000007c800000)]
  0x0000000022a37000 JavaThread "Thread-1379" [_thread_blocked, id=3280, stack(0x000000007ac00000,0x000000007ad00000)]
  0x0000000022a36000 JavaThread "Thread-1378" [_thread_blocked, id=9388, stack(0x000000007ab00000,0x000000007ac00000)]
  0x0000000022a3d000 JavaThread "Thread-1377" [_thread_blocked, id=2284, stack(0x000000007aa00000,0x000000007ab00000)]
  0x0000000022a34800 JavaThread "Thread-1374" [_thread_blocked, id=10520, stack(0x000000007a700000,0x000000007a800000)]
  0x0000000022a34000 JavaThread "Thread-1373" [_thread_blocked, id=10424, stack(0x000000007a600000,0x000000007a700000)]
  0x0000000022a2d000 JavaThread "Thread-1363" [_thread_blocked, id=4176, stack(0x0000000079c00000,0x0000000079d00000)]
  0x0000000022a31800 JavaThread "Thread-1362" [_thread_blocked, id=13308, stack(0x0000000079900000,0x0000000079a00000)]
  0x0000000022a2b000 JavaThread "Thread-1360" [_thread_blocked, id=14356, stack(0x0000000079700000,0x0000000079800000)]
  0x0000000022a2a000 JavaThread "Thread-1359" [_thread_blocked, id=14932, stack(0x0000000079600000,0x0000000079700000)]
  0x0000000022a28000 JavaThread "Thread-1358" [_thread_blocked, id=2480, stack(0x0000000079500000,0x0000000079600000)]
  0x0000000022a29800 JavaThread "Thread-1357" [_thread_blocked, id=14880, stack(0x0000000079400000,0x0000000079500000)]
  0x0000000022a24000 JavaThread "Thread-1356" [_thread_blocked, id=1508, stack(0x0000000079300000,0x0000000079400000)]
  0x0000000022a12000 JavaThread "Thread-1355" [_thread_blocked, id=6060, stack(0x0000000079200000,0x0000000079300000)]
  0x0000000022a1b000 JavaThread "Thread-1347" [_thread_blocked, id=9252, stack(0x0000000078a00000,0x0000000078b00000)]
  0x0000000022a22000 JavaThread "Thread-1346" [_thread_blocked, id=14612, stack(0x0000000078900000,0x0000000078a00000)]
  0x0000000022a21000 JavaThread "Thread-1344" [_thread_blocked, id=6248, stack(0x0000000078700000,0x0000000078800000)]
  0x0000000022a19800 JavaThread "Thread-1343" [_thread_blocked, id=11924, stack(0x0000000078600000,0x0000000078700000)]
  0x0000000022a1f800 JavaThread "Thread-1340" [_thread_blocked, id=4592, stack(0x0000000078300000,0x0000000078400000)]
  0x0000000022a1e000 JavaThread "Thread-1338" [_thread_blocked, id=10084, stack(0x0000000078100000,0x0000000078200000)]
  0x0000000022a1d800 JavaThread "Thread-1337" [_thread_blocked, id=2100, stack(0x0000000078000000,0x0000000078100000)]
  0x0000000022a1c800 JavaThread "Thread-1336" [_thread_blocked, id=12280, stack(0x0000000077f00000,0x0000000078000000)]
  0x0000000022a10800 JavaThread "Thread-1333" [_thread_blocked, id=9644, stack(0x0000000077c00000,0x0000000077d00000)]
  0x0000000022a17800 JavaThread "Thread-1332" [_thread_blocked, id=9024, stack(0x0000000077b00000,0x0000000077c00000)]
  0x0000000022a0f800 JavaThread "Thread-1331" [_thread_blocked, id=3744, stack(0x0000000077a00000,0x0000000077b00000)]
  0x0000000022a13800 JavaThread "Thread-1326" [_thread_blocked, id=1452, stack(0x0000000077400000,0x0000000077500000)]
  0x0000000022a15000 JavaThread "Thread-1323" [_thread_blocked, id=3016, stack(0x0000000077100000,0x0000000077200000)]
  0x0000000022a06800 JavaThread "Thread-1322" [_thread_blocked, id=8856, stack(0x0000000077000000,0x0000000077100000)]
  0x0000000022a07800 JavaThread "Thread-1314" [_thread_blocked, id=15356, stack(0x0000000076800000,0x0000000076900000)]
  0x0000000021e1d800 JavaThread "Thread-1304" [_thread_blocked, id=15312, stack(0x0000000075e00000,0x0000000075f00000)]
  0x0000000025f12000 JavaThread "Thread-1300" [_thread_blocked, id=15296, stack(0x0000000075a00000,0x0000000075b00000)]
  0x0000000025f11800 JavaThread "Thread-1299" [_thread_blocked, id=15292, stack(0x0000000075900000,0x0000000075a00000)]
  0x0000000025f13000 JavaThread "Thread-1297" [_thread_blocked, id=15284, stack(0x0000000075700000,0x0000000075800000)]
  0x0000000021ec7000 JavaThread "Thread-1293" [_thread_blocked, id=15272, stack(0x0000000075400000,0x0000000075500000)]
  0x0000000021ecd800 JavaThread "Thread-1292" [_thread_blocked, id=15268, stack(0x0000000075300000,0x0000000075400000)]
  0x0000000021ecc000 JavaThread "Thread-1290" [_thread_blocked, id=15260, stack(0x0000000075100000,0x0000000075200000)]
  0x0000000021ec9000 JavaThread "Thread-1288" [_thread_blocked, id=15252, stack(0x0000000074f00000,0x0000000075000000)]
  0x0000000021eca000 JavaThread "Thread-1287" [_thread_blocked, id=15248, stack(0x0000000074e00000,0x0000000074f00000)]
  0x0000000021eca800 JavaThread "Thread-1286" [_thread_blocked, id=15244, stack(0x0000000074d00000,0x0000000074e00000)]
  0x0000000021ec4000 JavaThread "Thread-1279" [_thread_blocked, id=15212, stack(0x0000000074600000,0x0000000074700000)]
  0x0000000021ec3000 JavaThread "Thread-1278" [_thread_blocked, id=15208, stack(0x0000000074500000,0x0000000074600000)]
  0x0000000025f30000 JavaThread "Thread-1171" [_thread_blocked, id=14736, stack(0x000000006e600000,0x000000006e700000)]
  0x0000000025f2e000 JavaThread "Thread-1169" [_thread_blocked, id=14728, stack(0x000000006e400000,0x000000006e500000)]
  0x0000000025f28800 JavaThread "Thread-1168" [_thread_blocked, id=14724, stack(0x000000006e300000,0x000000006e400000)]
  0x0000000025f26800 JavaThread "Thread-1167" [_thread_blocked, id=14720, stack(0x000000006e200000,0x000000006e300000)]
  0x0000000025f2d000 JavaThread "Thread-1166" [_thread_blocked, id=14716, stack(0x000000006e100000,0x000000006e200000)]
  0x0000000025f25800 JavaThread "Thread-1165" [_thread_blocked, id=14712, stack(0x000000006e000000,0x000000006e100000)]
  0x0000000025f2c800 JavaThread "Thread-1164" [_thread_blocked, id=14708, stack(0x000000006df00000,0x000000006e000000)]
  0x0000000025f25000 JavaThread "Thread-1163" [_thread_blocked, id=14704, stack(0x000000006de00000,0x000000006df00000)]
  0x0000000025f2b800 JavaThread "Thread-1162" [_thread_blocked, id=14700, stack(0x000000006dd00000,0x000000006de00000)]
  0x0000000025f24000 JavaThread "Thread-1161" [_thread_blocked, id=14696, stack(0x000000006dc00000,0x000000006dd00000)]
  0x0000000025f2b000 JavaThread "Thread-1160" [_thread_blocked, id=14688, stack(0x000000006db00000,0x000000006dc00000)]
  0x0000000025f18000 JavaThread "Thread-1159" [_thread_blocked, id=14684, stack(0x000000006da00000,0x000000006db00000)]
  0x0000000025f17800 JavaThread "Thread-1158" [_thread_blocked, id=14680, stack(0x000000006d900000,0x000000006da00000)]
  0x0000000025f16800 JavaThread "Thread-1157" [_thread_blocked, id=14676, stack(0x000000006d800000,0x000000006d900000)]
  0x0000000025f1d800 JavaThread "Thread-1156" [_thread_blocked, id=14672, stack(0x000000006d700000,0x000000006d800000)]
  0x0000000025f1a800 JavaThread "Thread-1155" [_thread_blocked, id=14668, stack(0x000000006d600000,0x000000006d700000)]
  0x0000000025f16000 JavaThread "Thread-1154" [_thread_blocked, id=14664, stack(0x000000006d500000,0x000000006d600000)]
  0x0000000025f1c800 JavaThread "Thread-1153" [_thread_blocked, id=14660, stack(0x000000006d400000,0x000000006d500000)]
  0x0000000025f1c000 JavaThread "Thread-1152" [_thread_blocked, id=14656, stack(0x000000006d300000,0x000000006d400000)]
  0x0000000025f1b000 JavaThread "Thread-1151" [_thread_blocked, id=14652, stack(0x000000006d200000,0x000000006d300000)]
  0x0000000025f0d800 JavaThread "Thread-1150" [_thread_blocked, id=14648, stack(0x000000006d100000,0x000000006d200000)]
  0x0000000025f14800 JavaThread "Thread-1148" [_thread_blocked, id=14644, stack(0x000000006d000000,0x000000006d100000)]
  0x0000000025f23800 JavaThread "Thread-1119" [_thread_blocked, id=14604, stack(0x000000006c900000,0x000000006ca00000)]
  0x0000000025f0f000 JavaThread "Thread-1118" [_thread_blocked, id=14600, stack(0x000000006c800000,0x000000006c900000)]
  0x0000000025f08800 JavaThread "Thread-1116" [_thread_blocked, id=14592, stack(0x000000006c600000,0x000000006c700000)]
  0x0000000025f1f800 JavaThread "Thread-1098" [_thread_blocked, id=13612, stack(0x000000006bc00000,0x000000006bd00000)]
  0x0000000025f0d000 JavaThread "Thread-1070" [_thread_blocked, id=7468, stack(0x000000006a000000,0x000000006a100000)]
  0x0000000025f0c000 JavaThread "Thread-1068" [_thread_blocked, id=10696, stack(0x0000000069e00000,0x0000000069f00000)]
  0x0000000025f0b800 JavaThread "Thread-1067" [_thread_blocked, id=13540, stack(0x0000000069d00000,0x0000000069e00000)]
  0x0000000025f04800 JavaThread "Thread-1066" [_thread_blocked, id=12688, stack(0x0000000069c00000,0x0000000069d00000)]
  0x0000000025f03800 JavaThread "Thread-1065" [_thread_blocked, id=4836, stack(0x0000000069b00000,0x0000000069c00000)]
  0x0000000025f0a800 JavaThread "Thread-1064" [_thread_blocked, id=5096, stack(0x0000000069a00000,0x0000000069b00000)]
  0x0000000025f0a000 JavaThread "Thread-1063" [_thread_blocked, id=3872, stack(0x0000000069900000,0x0000000069a00000)]
  0x0000000025efc000 JavaThread "Thread-1062" [_thread_blocked, id=996, stack(0x0000000069800000,0x0000000069900000)]
  0x0000000025f03000 JavaThread "Thread-1061" [_thread_blocked, id=9676, stack(0x0000000069700000,0x0000000069800000)]
  0x0000000025efb800 JavaThread "Thread-1060" [_thread_blocked, id=12632, stack(0x0000000069600000,0x0000000069700000)]
  0x0000000025f02000 JavaThread "Thread-1059" [_thread_blocked, id=3204, stack(0x0000000069500000,0x0000000069600000)]
  0x0000000025efa800 JavaThread "Thread-1058" [_thread_blocked, id=11744, stack(0x0000000069400000,0x0000000069500000)]
  0x0000000025eff000 JavaThread "Thread-1057" [_thread_blocked, id=11908, stack(0x0000000069300000,0x0000000069400000)]
  0x0000000025efd000 JavaThread "Thread-1056" [_thread_blocked, id=10876, stack(0x0000000069200000,0x0000000069300000)]
  0x0000000025efe800 JavaThread "Thread-1055" [_thread_blocked, id=13752, stack(0x0000000069100000,0x0000000069200000)]
  0x0000000022099800 JavaThread "pool-6-thread-98" [_thread_blocked, id=7624, stack(0x0000000063b60000,0x0000000063c60000)]
  0x0000000022113000 JavaThread "pool-5-thread-170" [_thread_blocked, id=10028, stack(0x000000005c400000,0x000000005c500000)]
  0x000000002210e800 JavaThread "pool-5-thread-158" [_thread_blocked, id=14260, stack(0x000000005b800000,0x000000005b900000)]
  0x00000000220fb000 JavaThread "pool-5-thread-135" [_thread_in_vm, id=7700, stack(0x000000005a100000,0x000000005a200000)]
  0x00000000220f2800 JavaThread "pool-5-thread-129" [_thread_in_vm, id=11668, stack(0x0000000059b00000,0x0000000059c00000)]
  0x00000000220f6800 JavaThread "pool-5-thread-122" [_thread_blocked, id=6988, stack(0x0000000059400000,0x0000000059500000)]
  0x0000000019c7c800 JavaThread "pool-5-thread-67" [_thread_in_vm, id=11168, stack(0x0000000055d00000,0x0000000055e00000)]
  0x0000000019c6f000 JavaThread "Thread-748" [_thread_blocked, id=6592, stack(0x0000000054c00000,0x0000000054d00000)]
  0x0000000019c71800 JavaThread "pool-5-thread-51" [_thread_blocked, id=7316, stack(0x0000000054a00000,0x0000000054b00000)]
  0x0000000025d6a000 JavaThread "Thread-701" [_thread_blocked, id=12060, stack(0x0000000051700000,0x0000000051800000)]
  0x0000000025d67800 JavaThread "Thread-700" [_thread_blocked, id=11416, stack(0x0000000051600000,0x0000000051700000)]
  0x0000000025d66000 JavaThread "Thread-699" [_thread_blocked, id=988, stack(0x0000000051500000,0x0000000051600000)]
  0x0000000025d64800 JavaThread "pool-5-thread-15" [_thread_in_vm, id=5812, stack(0x0000000050d00000,0x0000000050e00000)]
  0x000000002256e800 JavaThread "pool-4-thread-158" [_thread_blocked, id=11068, stack(0x0000000047a00000,0x0000000047b00000)]
  0x000000001a3d0000 JavaThread "pool-4-thread-122" [_thread_blocked, id=4584, stack(0x0000000045600000,0x0000000045700000)]
  0x0000000022340000 JavaThread "pool-4-thread-61" [_thread_blocked, id=12392, stack(0x0000000041900000,0x0000000041a00000)]
  0x0000000022344800 JavaThread "pool-4-thread-56" [_thread_blocked, id=1444, stack(0x0000000041400000,0x0000000041500000)]
  0x000000001a0b8000 JavaThread "pool-4-thread-50" [_thread_in_vm, id=10352, stack(0x0000000040e00000,0x0000000040f00000)]
  0x000000001a0bb000 JavaThread "pool-4-thread-49" [_thread_blocked, id=7064, stack(0x0000000040d00000,0x0000000040e00000)]
  0x000000001a0b5000 JavaThread "pool-4-thread-44" [_thread_blocked, id=10248, stack(0x0000000040800000,0x0000000040900000)]
  0x000000001a0b0000 JavaThread "pool-4-thread-38" [_thread_in_vm, id=3164, stack(0x0000000040200000,0x0000000040300000)]
  0x000000001a0a7000 JavaThread "pool-4-thread-37" [_thread_blocked, id=6468, stack(0x0000000040100000,0x0000000040200000)]
  0x0000000025da4800 JavaThread "pool-4-thread-32" [_thread_in_vm, id=2008, stack(0x000000003fc00000,0x000000003fd00000)]
  0x0000000025d9f000 JavaThread "pool-4-thread-26" [_thread_blocked, id=3416, stack(0x000000003f600000,0x000000003f700000)]
  0x0000000025d9a000 JavaThread "pool-4-thread-20" [_thread_blocked, id=5740, stack(0x000000003f000000,0x000000003f100000)]
  0x0000000025d98800 JavaThread "pool-4-thread-14" [_thread_in_vm, id=13860, stack(0x000000003ea00000,0x000000003eb00000)]
  0x0000000025d96000 JavaThread "pool-4-thread-8" [_thread_blocked, id=6076, stack(0x000000003e400000,0x000000003e500000)]
  0x0000000025d8c000 JavaThread "pool-4-thread-2" [_thread_in_vm, id=5084, stack(0x000000003de00000,0x000000003df00000)]
  0x0000000025d89000 JavaThread "Thread-374" [_thread_in_vm, id=5564, stack(0x000000003dc00000,0x000000003dd00000)]
  0x0000000025d8a000 JavaThread "Thread-373" [_thread_in_vm, id=9260, stack(0x000000003db00000,0x000000003dc00000)]
=>0x0000000025d8b800 JavaThread "Thread-372" [_thread_in_Java, id=5384, stack(0x000000003da00000,0x000000003db00000)]
  0x0000000025d87000 JavaThread "Thread-371" [_thread_blocked, id=6312, stack(0x000000003d900000,0x000000003da00000)]
  0x0000000025d8d800 JavaThread "Thread-370" [_thread_blocked, id=8248, stack(0x000000003d800000,0x000000003d900000)]
  0x0000000025d8d000 JavaThread "Thread-369" [_thread_blocked, id=12224, stack(0x000000003d700000,0x000000003d800000)]
  0x0000000025d88800 JavaThread "Thread-368" [_thread_blocked, id=9020, stack(0x000000003d600000,0x000000003d700000)]
  0x0000000025d8a800 JavaThread "Thread-366" [_thread_blocked, id=3200, stack(0x000000003d400000,0x000000003d500000)]
  0x00000000197f4800 JavaThread "Thread-362" [_thread_blocked, id=5432, stack(0x000000003d300000,0x000000003d400000)]
  0x000000001a29c800 JavaThread "Thread-361" [_thread_blocked, id=1984, stack(0x000000003d200000,0x000000003d300000)]
  0x000000001a292000 JavaThread "Thread-360" [_thread_blocked, id=10812, stack(0x000000003d100000,0x000000003d200000)]
  0x000000001a0c0800 JavaThread "Thread-359" [_thread_blocked, id=13384, stack(0x000000003d000000,0x000000003d100000)]
  0x000000001a0b9000 JavaThread "Thread-358" [_thread_blocked, id=3928, stack(0x000000003cf00000,0x000000003d000000)]
  0x000000001a0a8800 JavaThread "Thread-357" [_thread_blocked, id=13652, stack(0x000000003ce00000,0x000000003cf00000)]
  0x0000000021e15000 JavaThread "Thread-356" [_thread_blocked, id=4468, stack(0x000000003cd00000,0x000000003ce00000)]
  0x0000000021e13800 JavaThread "Thread-355" [_thread_blocked, id=12792, stack(0x000000003cc00000,0x000000003cd00000)]
  0x0000000021e16800 JavaThread "Thread-354" [_thread_blocked, id=1240, stack(0x000000003cb00000,0x000000003cc00000)]
  0x000000002257d800 JavaThread "Thread-345" [_thread_blocked, id=2636, stack(0x000000003ca00000,0x000000003cb00000)]
  0x0000000022570800 JavaThread "Thread-325" [_thread_blocked, id=13076, stack(0x000000003c700000,0x000000003c800000)]
  0x0000000021efa800 JavaThread "Thread-320" [_thread_blocked, id=12468, stack(0x000000003c200000,0x000000003c300000)]
  0x0000000021ef4800 JavaThread "Thread-343" [_thread_blocked, id=11704, stack(0x000000003c100000,0x000000003c200000)]
  0x0000000021ef9800 JavaThread "Thread-319" [_thread_blocked, id=6440, stack(0x000000003c000000,0x000000003c100000)]
  0x0000000021ef5000 JavaThread "Thread-318" [_thread_blocked, id=10400, stack(0x000000003bf00000,0x000000003c000000)]
  0x0000000021ef9000 JavaThread "Thread-315" [_thread_blocked, id=388, stack(0x000000003be00000,0x000000003bf00000)]
  0x0000000021ef7800 JavaThread "Thread-313" [_thread_blocked, id=8996, stack(0x000000003bc00000,0x000000003bd00000)]
  0x0000000021ef0800 JavaThread "Thread-312" [_thread_blocked, id=2912, stack(0x000000003bb00000,0x000000003bc00000)]
  0x0000000021ef3800 JavaThread "Thread-311" [_thread_blocked, id=2032, stack(0x000000003ba00000,0x000000003bb00000)]
  0x0000000021ef2000 JavaThread "Thread-309" [_thread_blocked, id=12484, stack(0x000000003b800000,0x000000003b900000)]
  0x00000000222c1800 JavaThread "Thread-284" [_thread_blocked, id=7560, stack(0x000000003af00000,0x000000003b000000)]
  0x000000001a0c1800 JavaThread "Thread-283" [_thread_blocked, id=13508, stack(0x000000003ae00000,0x000000003af00000)]
  0x000000001a0a6000 JavaThread "Thread-287" [_thread_blocked, id=8060, stack(0x000000003ab00000,0x000000003ac00000)]
  0x000000001a0b7800 JavaThread "Thread-288" [_thread_blocked, id=7676, stack(0x000000003aa00000,0x000000003ab00000)]
  0x0000000022586800 JavaThread "Thread-289" [_thread_blocked, id=11084, stack(0x000000003a900000,0x000000003aa00000)]
  0x000000002257f800 JavaThread "Thread-291" [_thread_blocked, id=11520, stack(0x000000003a700000,0x000000003a800000)]
  0x0000000022579000 JavaThread "Thread-275" [_thread_blocked, id=6636, stack(0x000000003a600000,0x000000003a700000)]
  0x0000000021ee8800 JavaThread "Thread-295" [_thread_blocked, id=14228, stack(0x0000000038e00000,0x0000000038f00000)]
  0x0000000021eef000 JavaThread "Thread-316" [_thread_blocked, id=12116, stack(0x0000000038d00000,0x0000000038e00000)]
  0x0000000021ee7800 JavaThread "Thread-303" [_thread_blocked, id=4732, stack(0x0000000038b00000,0x0000000038c00000)]
  0x0000000021eea800 JavaThread "Thread-299" [_thread_blocked, id=6280, stack(0x0000000038600000,0x0000000038700000)]
  0x0000000021eea000 JavaThread "Thread-364" [_thread_blocked, id=13280, stack(0x0000000038400000,0x0000000038500000)]
  0x0000000021ee9000 JavaThread "Thread-301" [_thread_blocked, id=11760, stack(0x0000000038300000,0x0000000038400000)]
  0x0000000021ee5800 JavaThread "Thread-317" [_thread_blocked, id=1704, stack(0x0000000038000000,0x0000000038100000)]
  0x0000000021ede000 JavaThread "Thread-363" [_thread_blocked, id=14116, stack(0x0000000037f00000,0x0000000038000000)]
  0x0000000021ee4800 JavaThread "Thread-305" [_thread_blocked, id=7980, stack(0x0000000037e00000,0x0000000037f00000)]
  0x0000000021ee1800 JavaThread "Thread-307" [_thread_blocked, id=7640, stack(0x0000000037c00000,0x0000000037d00000)]
  0x0000000021edd000 JavaThread "Thread-308" [_thread_blocked, id=14268, stack(0x0000000037a00000,0x0000000037b00000)]
  0x0000000021ee3000 JavaThread "Thread-353" [_thread_blocked, id=12888, stack(0x0000000037700000,0x0000000037800000)]
  0x0000000021ee2800 JavaThread "Thread-352" [_thread_blocked, id=3652, stack(0x0000000037500000,0x0000000037600000)]
  0x0000000021edf800 JavaThread "Thread-351" [_thread_blocked, id=8920, stack(0x0000000037400000,0x0000000037500000)]
  0x0000000022589800 JavaThread "Thread-350" [_thread_blocked, id=6008, stack(0x0000000037200000,0x0000000037300000)]
  0x0000000022581000 JavaThread "Thread-349" [_thread_blocked, id=4388, stack(0x0000000037000000,0x0000000037100000)]
  0x0000000022588000 JavaThread "Thread-348" [_thread_blocked, id=7184, stack(0x0000000036f00000,0x0000000037000000)]
  0x0000000022585800 JavaThread "Thread-347" [_thread_blocked, id=11888, stack(0x0000000036e00000,0x0000000036f00000)]
  0x0000000022580800 JavaThread "Thread-339" [_thread_blocked, id=14084, stack(0x0000000036d00000,0x0000000036e00000)]
  0x000000002257e000 JavaThread "Thread-346" [_thread_blocked, id=5352, stack(0x0000000036c00000,0x0000000036d00000)]
  0x0000000022585000 JavaThread "Thread-340" [_thread_blocked, id=5216, stack(0x0000000036b00000,0x0000000036c00000)]
  0x0000000022582000 JavaThread "Thread-341" [_thread_blocked, id=4600, stack(0x0000000036a00000,0x0000000036b00000)]
  0x0000000022587000 JavaThread "Thread-342" [_thread_blocked, id=6496, stack(0x0000000036900000,0x0000000036a00000)]
  0x0000000022582800 JavaThread "Thread-274" [_thread_blocked, id=6404, stack(0x0000000036800000,0x0000000036900000)]
  0x0000000022576000 JavaThread "Thread-245" [_thread_blocked, id=1228, stack(0x0000000035800000,0x0000000035900000)]
  0x0000000022579800 JavaThread "Thread-241" [_thread_blocked, id=4548, stack(0x0000000035700000,0x0000000035800000)]
  0x000000002257c800 JavaThread "Thread-240" [_thread_blocked, id=5224, stack(0x0000000035600000,0x0000000035700000)]
  0x0000000022574800 JavaThread "Thread-237" [_thread_blocked, id=3592, stack(0x0000000035200000,0x0000000035300000)]
  0x0000000022573800 JavaThread "Thread-235" [_thread_blocked, id=11692, stack(0x0000000035000000,0x0000000035100000)]
  0x0000000022570000 JavaThread "Thread-230" [_thread_blocked, id=11632, stack(0x0000000034910000,0x0000000034a10000)]
  0x0000000022572000 JavaThread "Thread-229" [_thread_blocked, id=13836, stack(0x0000000034810000,0x0000000034910000)]
  0x000000002256f000 JavaThread "Thread-226" [_thread_blocked, id=14112, stack(0x0000000034510000,0x0000000034610000)]
  0x000000001a0c3800 JavaThread "Thread-223" [_thread_blocked, id=4620, stack(0x0000000034210000,0x0000000034310000)]
  0x000000001a0bc000 JavaThread "Thread-221" [_thread_blocked, id=9632, stack(0x0000000034010000,0x0000000034110000)]
  0x000000001a0c3000 JavaThread "Thread-220" [_thread_blocked, id=5360, stack(0x0000000033f10000,0x0000000034010000)]
  0x000000001a0c2000 JavaThread "Thread-219" [_thread_blocked, id=11304, stack(0x0000000033e10000,0x0000000033f10000)]
  0x000000001a0be000 JavaThread "Thread-218" [_thread_blocked, id=5144, stack(0x0000000033d10000,0x0000000033e10000)]
  0x000000001a0b6800 JavaThread "Thread-213" [_thread_blocked, id=5596, stack(0x0000000033810000,0x0000000033910000)]
  0x000000001a0bd800 JavaThread "Thread-212" [_thread_blocked, id=14204, stack(0x0000000033710000,0x0000000033810000)]
  0x000000001a0b4800 JavaThread "Thread-210" [_thread_blocked, id=2924, stack(0x0000000033510000,0x0000000033610000)]
  0x000000001a0ad800 JavaThread "Thread-193" [_thread_blocked, id=5592, stack(0x0000000032410000,0x0000000032510000)]
  0x000000001a0ab800 JavaThread "Thread-192" [_thread_blocked, id=1968, stack(0x0000000032310000,0x0000000032410000)]
  0x000000001983f000 JavaThread "pool-3-thread-101" [_thread_in_vm, id=13368, stack(0x000000002d310000,0x000000002d410000)]
  0x000000001983b800 JavaThread "pool-3-thread-96" [_thread_in_vm, id=11212, stack(0x000000002ce10000,0x000000002cf10000)]
  0x0000000022342800 JavaThread "pool-3-thread-68" [_thread_in_vm, id=8992, stack(0x000000002b210000,0x000000002b310000)]
  0x0000000021e14800 JavaThread "pool-3-thread-9" [_thread_in_vm, id=7752, stack(0x0000000027710000,0x0000000027810000)]
  0x0000000021c22000 JavaThread "Thread-11" [_thread_in_vm, id=14312, stack(0x0000000026e10000,0x0000000026f10000)]
  0x0000000021c26800 JavaThread "Thread-10" [_thread_blocked, id=4180, stack(0x0000000025c40000,0x0000000025d40000)]
  0x0000000021c27000 JavaThread "Thread-9" [_thread_in_vm, id=1904, stack(0x0000000025b40000,0x0000000025c40000)]
  0x0000000021c25800 JavaThread "Thread-8" [_thread_blocked, id=7600, stack(0x0000000025a40000,0x0000000025b40000)]
  0x0000000019ed0000 JavaThread "Prism Font Disposer" daemon [_thread_blocked, id=4640, stack(0x00000000206d0000,0x00000000207d0000)]
  0x0000000019dde000 JavaThread "Thread-3" daemon [_thread_blocked, id=10716, stack(0x000000001ef90000,0x000000001f090000)]
  0x0000000019d68000 JavaThread "JavaFX Application Thread" [_thread_in_native, id=13980, stack(0x000000001a8f0000,0x000000001a9f0000)]
  0x0000000019d06800 JavaThread "Thread-2" daemon [_thread_blocked, id=3984, stack(0x000000001a7f0000,0x000000001a8f0000)]
  0x0000000019cfb000 JavaThread "QuantumRenderer-0" daemon [_thread_blocked, id=1684, stack(0x000000001a550000,0x000000001a650000)]
  0x0000000019cb4000 JavaThread "JavaFX-Launcher" [_thread_blocked, id=12080, stack(0x000000001a450000,0x000000001a550000)]
  0x000000001967a000 JavaThread "Monitor Ctrl-Break" daemon [_thread_in_native, id=13788, stack(0x0000000019b50000,0x0000000019c50000)]
  0x00000000194f1000 JavaThread "Service Thread" daemon [_thread_blocked, id=1184, stack(0x00000000198c0000,0x00000000199c0000)]
  0x0000000017bd7000 JavaThread "C1 CompilerThread2" daemon [_thread_blocked, id=12444, stack(0x00000000193c0000,0x00000000194c0000)]
  0x0000000017b83000 JavaThread "C2 CompilerThread1" daemon [_thread_blocked, id=13964, stack(0x00000000192c0000,0x00000000193c0000)]
  0x0000000017b7f000 JavaThread "C2 CompilerThread0" daemon [_thread_blocked, id=12604, stack(0x00000000191c0000,0x00000000192c0000)]
  0x0000000017b7d800 JavaThread "Attach Listener" daemon [_thread_blocked, id=2648, stack(0x00000000190c0000,0x00000000191c0000)]
  0x0000000017b7c800 JavaThread "Signal Dispatcher" daemon [_thread_blocked, id=216, stack(0x0000000018fc0000,0x00000000190c0000)]
  0x0000000001bad800 JavaThread "Finalizer" daemon [_thread_blocked, id=7576, stack(0x0000000018dd0000,0x0000000018ed0000)]
  0x0000000001ba2000 JavaThread "Reference Handler" daemon [_thread_blocked, id=13912, stack(0x0000000018cd0000,0x0000000018dd0000)]
  0x0000000001aae800 JavaThread "main" [_thread_blocked, id=8512, stack(0x0000000001950000,0x0000000001a50000)]

Other Threads:
  0x0000000017b47800 VMThread [stack: 0x0000000018bd0000,0x0000000018cd0000] [id=6448]
  0x00000000194f3000 WatcherThread [stack: 0x00000000199c0000,0x0000000019ac0000] [id=3712]

VM state:synchronizing (normal execution)

VM Mutex/Monitor currently owned by a thread:  ([mutex/lock_event])
[0x0000000001aadc50] Safepoint_lock - owner thread: 0x0000000017b47800
[0x0000000001aadf50] Threads_lock - owner thread: 0x0000000017b47800
[0x0000000001aadbd0] Heap_lock - owner thread: 0x0000000019c71800

Heap:
 PSYoungGen      total 540160K, used 414421K [0x00000000d5e00000, 0x00000000ff980000, 0x0000000100000000)
  eden space 395776K, 100% used [0x00000000d5e00000,0x00000000ee080000,0x00000000ee080000)
  from space 144384K, 12% used [0x00000000ee080000,0x00000000ef2b5718,0x00000000f6d80000)
  to   space 141312K, 0% used [0x00000000f6f80000,0x00000000f6f80000,0x00000000ff980000)
 ParOldGen       total 1373184K, used 424046K [0x0000000081a00000, 0x00000000d5700000, 0x00000000d5e00000)
  object space 1373184K, 30% used [0x0000000081a00000,0x000000009b81ba68,0x00000000d5700000)
 Metaspace       used 20304K, capacity 21548K, committed 21888K, reserved 1069056K
  class space    used 2861K, capacity 3094K, committed 3200K, reserved 1048576K

Card table byte_map: [0x0000000012400000,0x0000000012800000] byte_map_base: 0x0000000011ff3000

Marking Bits: (ParMarkBitMap*) 0x00000000610fa6d0
 Begin Bits: [0x0000000012eb0000, 0x0000000014e48000)
 End Bits:   [0x0000000014e48000, 0x0000000016de0000)

Polling page: 0x0000000001770000

CodeCache: size=245760Kb used=12513Kb max_used=12534Kb free=233246Kb
 bounds [0x0000000003400000, 0x0000000004060000, 0x0000000012400000]
 total_blobs=4638 nmethods=3952 adapters=596
 compilation: enabled

Compilation events (10 events):
Event: 1550.201 Thread 0x0000000017b7f000 nmethod 4759 0x0000000003ce6590 code [0x0000000003ce66e0, 0x0000000003ce67b8]
Event: 1550.201 Thread 0x0000000017b7f000 4761       4       javafx.scene.control.TextInputControl::updateContent (404 bytes)
Event: 1550.230 Thread 0x0000000017b83000 nmethod 4760 0x0000000003e3e0d0 code [0x0000000003e3e380, 0x0000000003e3f430]
Event: 1550.230 Thread 0x0000000017b83000 4762       4       javafx.scene.control.TextInputControl::doSelectRange (58 bytes)
Event: 1550.249 Thread 0x0000000017b83000 nmethod 4762 0x0000000003e3b390 code [0x0000000003e3b600, 0x0000000003e3c390]
Event: 1550.249 Thread 0x0000000017b83000 4763       4       javafx.scene.control.TextInputControl::updateUndoRedoState (46 bytes)
Event: 1550.253 Thread 0x0000000017b83000 nmethod 4763 0x0000000003f7a190 code [0x0000000003f7a300, 0x0000000003f7a578]
Event: 1550.253 Thread 0x0000000017b83000 4764       4       javafx.scene.control.TextInputControl::replaceText (92 bytes)
Event: 1550.260 Thread 0x0000000017b83000 nmethod 4764 0x0000000003f7ad90 code [0x0000000003f7af60, 0x0000000003f7b570]
Event: 1550.266 Thread 0x0000000017b7f000 nmethod 4761 0x0000000004037050 code [0x0000000004037480, 0x00000000040397a0]

GC Heap History (10 events):
Event: 1544.245 GC heap before
{Heap before GC invocations=1945 (full 80):
 PSYoungGen      total 533504K, used 416076K [0x00000000d5e00000, 0x0000000100000000, 0x0000000100000000)
  eden space 379904K, 100% used [0x00000000d5e00000,0x00000000ed100000,0x00000000ed100000)
  from space 153600K, 23% used [0x00000000f6500000,0x00000000f8853240,0x00000000ffb00000)
  to   space 151552K, 0% used [0x00000000ed100000,0x00000000ed100000,0x00000000f6500000)
 ParOldGen       total 1373184K, used 424046K [0x0000000081a00000, 0x00000000d5700000, 0x00000000d5e00000)
  object space 1373184K, 30% used [0x0000000081a00000,0x000000009b81ba68,0x00000000d5700000)
 Metaspace       used 20304K, capacity 21548K, committed 21888K, reserved 1069056K
  class space    used 2861K, capacity 3094K, committed 3200K, reserved 1048576K
Event: 1544.273 GC heap after
Heap after GC invocations=1945 (full 80):
 PSYoungGen      total 531456K, used 37974K [0x00000000d5e00000, 0x00000000ff900000, 0x0000000100000000)
  eden space 379904K, 0% used [0x00000000d5e00000,0x00000000d5e00000,0x00000000ed100000)
  from space 151552K, 25% used [0x00000000ed100000,0x00000000ef615a80,0x00000000f6500000)
  to   space 148992K, 0% used [0x00000000f6780000,0x00000000f6780000,0x00000000ff900000)
 ParOldGen       total 1373184K, used 424046K [0x0000000081a00000, 0x00000000d5700000, 0x00000000d5e00000)
  object space 1373184K, 30% used [0x0000000081a00000,0x000000009b81ba68,0x00000000d5700000)
 Metaspace       used 20304K, capacity 21548K, committed 21888K, reserved 1069056K
  class space    used 2861K, capacity 3094K, committed 3200K, reserved 1048576K
}
Event: 1545.797 GC heap before
{Heap before GC invocations=1946 (full 80):
 PSYoungGen      total 531456K, used 417878K [0x00000000d5e00000, 0x00000000ff900000, 0x0000000100000000)
  eden space 379904K, 100% used [0x00000000d5e00000,0x00000000ed100000,0x00000000ed100000)
  from space 151552K, 25% used [0x00000000ed100000,0x00000000ef615a80,0x00000000f6500000)
  to   space 148992K, 0% used [0x00000000f6780000,0x00000000f6780000,0x00000000ff900000)
 ParOldGen       total 1373184K, used 424046K [0x0000000081a00000, 0x00000000d5700000, 0x00000000d5e00000)
  object space 1373184K, 30% used [0x0000000081a00000,0x000000009b81ba68,0x00000000d5700000)
 Metaspace       used 20304K, capacity 21548K, committed 21888K, reserved 1069056K
  class space    used 2861K, capacity 3094K, committed 3200K, reserved 1048576K
Event: 1545.826 GC heap after
Heap after GC invocations=1946 (full 80):
 PSYoungGen      total 535552K, used 24325K [0x00000000d5e00000, 0x00000000ffa80000, 0x0000000100000000)
  eden space 386560K, 0% used [0x00000000d5e00000,0x00000000d5e00000,0x00000000ed780000)
  from space 148992K, 16% used [0x00000000f6780000,0x00000000f7f41608,0x00000000ff900000)
  to   space 147456K, 0% used [0x00000000ed780000,0x00000000ed780000,0x00000000f6780000)
 ParOldGen       total 1373184K, used 424046K [0x0000000081a00000, 0x00000000d5700000, 0x00000000d5e00000)
  object space 1373184K, 30% used [0x0000000081a00000,0x000000009b81ba68,0x00000000d5700000)
 Metaspace       used 20304K, capacity 21548K, committed 21888K, reserved 1069056K
  class space    used 2861K, capacity 3094K, committed 3200K, reserved 1048576K
}
Event: 1547.365 GC heap before
{Heap before GC invocations=1947 (full 80):
 PSYoungGen      total 535552K, used 410885K [0x00000000d5e00000, 0x00000000ffa80000, 0x0000000100000000)
  eden space 386560K, 100% used [0x00000000d5e00000,0x00000000ed780000,0x00000000ed780000)
  from space 148992K, 16% used [0x00000000f6780000,0x00000000f7f41608,0x00000000ff900000)
  to   space 147456K, 0% used [0x00000000ed780000,0x00000000ed780000,0x00000000f6780000)
 ParOldGen       total 1373184K, used 424046K [0x0000000081a00000, 0x00000000d5700000, 0x00000000d5e00000)
  object space 1373184K, 30% used [0x0000000081a00000,0x000000009b81ba68,0x00000000d5700000)
 Metaspace       used 20304K, capacity 21548K, committed 21888K, reserved 1069056K
  class space    used 2861K, capacity 3094K, committed 3200K, reserved 1048576K
Event: 1547.380 GC heap after
Heap after GC invocations=1947 (full 80):
 PSYoungGen      total 534016K, used 20208K [0x00000000d5e00000, 0x00000000ffc80000, 0x0000000100000000)
  eden space 386560K, 0% used [0x00000000d5e00000,0x00000000d5e00000,0x00000000ed780000)
  from space 147456K, 13% used [0x00000000ed780000,0x00000000eeb3c238,0x00000000f6780000)
  to   space 146432K, 0% used [0x00000000f6d80000,0x00000000f6d80000,0x00000000ffc80000)
 ParOldGen       total 1373184K, used 424046K [0x0000000081a00000, 0x00000000d5700000, 0x00000000d5e00000)
  object space 1373184K, 30% used [0x0000000081a00000,0x000000009b81ba68,0x00000000d5700000)
 Metaspace       used 20304K, capacity 21548K, committed 21888K, reserved 1069056K
  class space    used 2861K, capacity 3094K, committed 3200K, reserved 1048576K
}
Event: 1548.700 GC heap before
{Heap before GC invocations=1948 (full 80):
 PSYoungGen      total 534016K, used 406763K [0x00000000d5e00000, 0x00000000ffc80000, 0x0000000100000000)
  eden space 386560K, 99% used [0x00000000d5e00000,0x00000000ed77ebf8,0x00000000ed780000)
  from space 147456K, 13% used [0x00000000ed780000,0x00000000eeb3c238,0x00000000f6780000)
  to   space 146432K, 0% used [0x00000000f6d80000,0x00000000f6d80000,0x00000000ffc80000)
 ParOldGen       total 1373184K, used 424046K [0x0000000081a00000, 0x00000000d5700000, 0x00000000d5e00000)
  object space 1373184K, 30% used [0x0000000081a00000,0x000000009b81ba68,0x00000000d5700000)
 Metaspace       used 20304K, capacity 21548K, committed 21888K, reserved 1069056K
  class space    used 2861K, capacity 3094K, committed 3200K, reserved 1048576K
Event: 1548.713 GC heap after
Heap after GC invocations=1948 (full 80):
 PSYoungGen      total 540672K, used 16460K [0x00000000d5e00000, 0x00000000ffb00000, 0x0000000100000000)
  eden space 395776K, 0% used [0x00000000d5e00000,0x00000000d5e00000,0x00000000ee080000)
  from space 144896K, 11% used [0x00000000f6d80000,0x00000000f7d93038,0x00000000ffb00000)
  to   space 144384K, 0% used [0x00000000ee080000,0x00000000ee080000,0x00000000f6d80000)
 ParOldGen       total 1373184K, used 424046K [0x0000000081a00000, 0x00000000d5700000, 0x00000000d5e00000)
  object space 1373184K, 30% used [0x0000000081a00000,0x000000009b81ba68,0x00000000d5700000)
 Metaspace       used 20304K, capacity 21548K, committed 21888K, reserved 1069056K
  class space    used 2861K, capacity 3094K, committed 3200K, reserved 1048576K
}
Event: 1550.150 GC heap before
{Heap before GC invocations=1949 (full 80):
 PSYoungGen      total 540672K, used 412236K [0x00000000d5e00000, 0x00000000ffb00000, 0x0000000100000000)
  eden space 395776K, 100% used [0x00000000d5e00000,0x00000000ee080000,0x00000000ee080000)
  from space 144896K, 11% used [0x00000000f6d80000,0x00000000f7d93038,0x00000000ffb00000)
  to   space 144384K, 0% used [0x00000000ee080000,0x00000000ee080000,0x00000000f6d80000)
 ParOldGen       total 1373184K, used 424046K [0x0000000081a00000, 0x00000000d5700000, 0x00000000d5e00000)
  object space 1373184K, 30% used [0x0000000081a00000,0x000000009b81ba68,0x00000000d5700000)
 Metaspace       used 20304K, capacity 21548K, committed 21888K, reserved 1069056K
  class space    used 2861K, capacity 3094K, committed 3200K, reserved 1048576K
Event: 1550.170 GC heap after
Heap after GC invocations=1949 (full 80):
 PSYoungGen      total 540160K, used 18645K [0x00000000d5e00000, 0x00000000ff980000, 0x0000000100000000)
  eden space 395776K, 0% used [0x00000000d5e00000,0x00000000d5e00000,0x00000000ee080000)
  from space 144384K, 12% used [0x00000000ee080000,0x00000000ef2b5718,0x00000000f6d80000)
  to   space 141312K, 0% used [0x00000000f6f80000,0x00000000f6f80000,0x00000000ff980000)
 ParOldGen       total 1373184K, used 424046K [0x0000000081a00000, 0x00000000d5700000, 0x00000000d5e00000)
  object space 1373184K, 30% used [0x0000000081a00000,0x000000009b81ba68,0x00000000d5700000)
 Metaspace       used 20304K, capacity 21548K, committed 21888K, reserved 1069056K
  class space    used 2861K, capacity 3094K, committed 3200K, reserved 1048576K
}

Deoptimization events (10 events):
Event: 937.749 Thread 0x0000000025e46800 Uncommon trap: reason=null_check action=maybe_recompile pc=0x0000000003f6ec7c method=org.neuroph.core.transfer.Linear.<init>(Lorg/neuroph/util/Properties;)V @ 19
Event: 937.749 Thread 0x0000000025e46800 Uncommon trap: reason=null_check action=maybe_recompile pc=0x0000000003f6ec7c method=org.neuroph.core.transfer.Linear.<init>(Lorg/neuroph/util/Properties;)V @ 19
Event: 937.749 Thread 0x0000000025e46800 Uncommon trap: reason=null_check action=maybe_recompile pc=0x0000000003f6ec7c method=org.neuroph.core.transfer.Linear.<init>(Lorg/neuroph/util/Properties;)V @ 19
Event: 937.749 Thread 0x0000000025e46800 Uncommon trap: reason=null_check action=maybe_recompile pc=0x0000000003dd8a94 method=org.neuroph.core.transfer.Linear.<init>(Lorg/neuroph/util/Properties;)V @ 19
Event: 941.914 Thread 0x0000000022090000 Uncommon trap: reason=unstable_if action=reinterpret pc=0x0000000003f5a610 method=java.util.Random.next(I)I @ 35
Event: 1088.511 Thread 0x0000000019dde000 Uncommon trap: reason=unstable_if action=reinterpret pc=0x0000000003d5ab2c method=com.sun.javafx.tk.quantum.QuantumToolkit.postPulse()V @ 37
Event: 1088.511 Thread 0x0000000019dde000 Uncommon trap: reason=unstable_if action=reinterpret pc=0x0000000003d5b3a8 method=com.sun.javafx.tk.quantum.QuantumToolkit.postPulse()V @ 37
Event: 1098.059 Thread 0x0000000019d68000 Uncommon trap: reason=unstable_if action=reinterpret pc=0x0000000003acddbc method=javafx.scene.Parent.layout()V @ 43
Event: 1098.280 Thread 0x0000000019cfb000 Uncommon trap: reason=unstable_if action=reinterpret pc=0x0000000003aa7308 method=com.sun.prism.d3d.D3DContext.updateClipRect(Lcom/sun/javafx/geom/Rectangle;)V @ 1
Event: 1164.269 Thread 0x0000000019d68000 Uncommon trap: reason=null_check action=maybe_recompile pc=0x0000000004016894 method=com.sun.javafx.text.PrismTextLayout.addTextRun(Lcom/sun/javafx/text/TextRun;)V @ 10

Internal exceptions (10 events):
Event: 945.155 Thread 0x0000000022073800 Implicit null exception at 0x0000000003f20d8e to 0x0000000003f21cb1
Event: 945.155 Thread 0x0000000022073800 Exception <a 'java/lang/NullPointerException'> (0x00000000d5e28490) thrown at [C:\re\workspace\8-2-build-windows-amd64-cygwin\jdk8u101\7261\hotspot\src\share\vm\runtime\sharedRuntime.cpp, line 605]
Event: 945.155 Thread 0x0000000022073800 Implicit null exception at 0x0000000003f20d8e to 0x0000000003f21cb1
Event: 945.155 Thread 0x0000000022073800 Exception <a 'java/lang/NullPointerException'> (0x00000000d5e28a70) thrown at [C:\re\workspace\8-2-build-windows-amd64-cygwin\jdk8u101\7261\hotspot\src\share\vm\runtime\sharedRuntime.cpp, line 605]
Event: 945.155 Thread 0x0000000022073800 Implicit null exception at 0x0000000003f20d8e to 0x0000000003f21cb1
Event: 945.155 Thread 0x0000000022073800 Exception <a 'java/lang/NullPointerException'> (0x00000000d5e29df8) thrown at [C:\re\workspace\8-2-build-windows-amd64-cygwin\jdk8u101\7261\hotspot\src\share\vm\runtime\sharedRuntime.cpp, line 605]
Event: 1098.280 Thread 0x0000000019cfb000 Implicit null exception at 0x0000000003aa5a5e to 0x0000000003aa72f1
Event: 1164.269 Thread 0x0000000019d68000 Implicit null exception at 0x0000000004014e3c to 0x0000000004016889
Event: 1164.269 Thread 0x0000000019d68000 Exception <a 'java/lang/NullPointerException'> (0x00000000dd7ce448) thrown at [C:\re\workspace\8-2-build-windows-amd64-cygwin\jdk8u101\7261\hotspot\src\share\vm\prims\jvm.cpp, line 1390]
Event: 1550.673 Thread 0x0000000025d8b800 Implicit null exception at 0x0000000004037b47 to 0x0000000000000000

Events (10 events):
Event: 1548.713 Executing VM operation: ParallelGCFailedAllocation done
Event: 1549.286 Thread 0x0000000021eed000 Thread exited: 0x0000000021eed000
Event: 1549.818 Thread 0x0000000025d9d000 Thread exited: 0x0000000025d9d000
Event: 1549.860 Thread 0x000000002257f000 Thread exited: 0x000000002257f000
Event: 1549.902 Thread 0x0000000021ee7000 Thread exited: 0x0000000021ee7000
Event: 1550.150 Executing VM operation: ParallelGCFailedAllocation
Event: 1550.170 Executing VM operation: ParallelGCFailedAllocation done
Event: 1550.354 Thread 0x0000000025d93000 Thread exited: 0x0000000025d93000
Event: 1550.858 Thread 0x0000000022573000 Thread exited: 0x0000000022573000
Event: 1551.529 Executing VM operation: ParallelGCFailedAllocation


Dynamic libraries:
0x00007ff713330000 - 0x00007ff713367000 	D:\Java\jdk1.8.0_101\bin\java.exe
0x00007ffeb8390000 - 0x00007ffeb8561000 	C:\WINDOWS\SYSTEM32\ntdll.dll
0x00007ffeb5920000 - 0x00007ffeb59cb000 	C:\WINDOWS\System32\KERNEL32.DLL
0x00007ffea4f30000 - 0x00007ffea4f63000 	C:\Program Files\AVAST Software\Avast\x64\aswhooka.dll
0x00007ffeb5700000 - 0x00007ffeb591d000 	C:\WINDOWS\System32\KERNELBASE.dll
0x00007ffeb64b0000 - 0x00007ffeb6552000 	C:\WINDOWS\System32\ADVAPI32.dll
0x00007ffeb5b10000 - 0x00007ffeb5bae000 	C:\WINDOWS\System32\msvcrt.dll
0x00007ffeb8330000 - 0x00007ffeb8389000 	C:\WINDOWS\System32\sechost.dll
0x00007ffeb5bc0000 - 0x00007ffeb5ce1000 	C:\WINDOWS\System32\RPCRT4.dll
0x00007ffeb6340000 - 0x00007ffeb64a5000 	C:\WINDOWS\System32\USER32.dll
0x00007ffeb4e50000 - 0x00007ffeb4e6e000 	C:\WINDOWS\System32\win32u.dll
0x00007ffeb7ed0000 - 0x00007ffeb7f04000 	C:\WINDOWS\System32\GDI32.dll
0x00007ffeb4bc0000 - 0x00007ffeb4d42000 	C:\WINDOWS\System32\gdi32full.dll
0x00007ffea7970000 - 0x00007ffea7bea000 	C:\WINDOWS\WinSxS\amd64_microsoft.windows.common-controls_6595b64144ccf1df_6.0.14393.953_none_42151e83c686086b\COMCTL32.dll
0x00007ffeb8060000 - 0x00007ffeb8328000 	C:\WINDOWS\System32\combase.dll
0x00007ffeb4880000 - 0x00007ffeb4975000 	C:\WINDOWS\System32\ucrtbase.dll
0x00007ffeb4980000 - 0x00007ffeb49ea000 	C:\WINDOWS\System32\bcryptPrimitives.dll
0x00007ffeb6560000 - 0x00007ffeb658e000 	C:\WINDOWS\System32\IMM32.DLL
0x0000000061180000 - 0x0000000061252000 	D:\Java\jdk1.8.0_101\jre\bin\msvcr100.dll
0x00000000608e0000 - 0x000000006117a000 	D:\Java\jdk1.8.0_101\jre\bin\server\jvm.dll
0x00007ffeb5bb0000 - 0x00007ffeb5bb8000 	C:\WINDOWS\System32\PSAPI.DLL
0x00007ffeb1270000 - 0x00007ffeb1279000 	C:\WINDOWS\SYSTEM32\WSOCK32.dll
0x00007ffeb6590000 - 0x00007ffeb65fa000 	C:\WINDOWS\System32\WS2_32.dll
0x00007ffeb2c70000 - 0x00007ffeb2c93000 	C:\WINDOWS\SYSTEM32\WINMM.dll
0x00007ffea2250000 - 0x00007ffea225a000 	C:\WINDOWS\SYSTEM32\VERSION.dll
0x00007ffeb2c40000 - 0x00007ffeb2c6b000 	C:\WINDOWS\SYSTEM32\WINMMBASE.dll
0x00007ffeb4e00000 - 0x00007ffeb4e42000 	C:\WINDOWS\System32\cfgmgr32.dll
0x00000000608d0000 - 0x00000000608df000 	D:\Java\jdk1.8.0_101\jre\bin\verify.dll
0x00000000608a0000 - 0x00000000608c9000 	D:\Java\jdk1.8.0_101\jre\bin\java.dll
0x0000000060880000 - 0x0000000060896000 	D:\Java\jdk1.8.0_101\jre\bin\zip.dll
0x00007ffeb6860000 - 0x00007ffeb7d69000 	C:\WINDOWS\System32\SHELL32.dll
0x00007ffeb4ed0000 - 0x00007ffeb55aa000 	C:\WINDOWS\System32\windows.storage.dll
0x00007ffeb47f0000 - 0x00007ffeb483c000 	C:\WINDOWS\System32\powrprof.dll
0x00007ffeb7fe0000 - 0x00007ffeb8032000 	C:\WINDOWS\System32\shlwapi.dll
0x00007ffeb4840000 - 0x00007ffeb484f000 	C:\WINDOWS\System32\kernel.appcore.dll
0x00007ffeb55b0000 - 0x00007ffeb5659000 	C:\WINDOWS\System32\shcore.dll
0x00007ffeb4850000 - 0x00007ffeb4864000 	C:\WINDOWS\System32\profapi.dll
0x00007ffeb2af0000 - 0x00007ffeb2b00000 	C:\Program Files (x86)\JetBrains\IntelliJ IDEA Community Edition 2016.3.2\bin\breakgen64.dll
0x0000000060860000 - 0x000000006087a000 	D:\Java\jdk1.8.0_101\jre\bin\net.dll
0x00007ffeb4120000 - 0x00007ffeb417c000 	C:\WINDOWS\system32\mswsock.dll
0x00007ffe92260000 - 0x00007ffe9234f000 	D:\Java\jdk1.8.0_101\jre\bin\msvcr120.dll
0x00007ffe8a280000 - 0x00007ffe8a326000 	D:\Java\jdk1.8.0_101\jre\bin\msvcp120.dll
0x0000000060810000 - 0x0000000060832000 	D:\Java\jdk1.8.0_101\jre\bin\prism_d3d.dll
0x00007ffeb0140000 - 0x00007ffeb02cd000 	C:\WINDOWS\system32\d3d9.dll
0x00007ffeb26d0000 - 0x00007ffeb26f6000 	C:\WINDOWS\SYSTEM32\dwmapi.dll
0x00007ffeb2f30000 - 0x00007ffeb2fc5000 	C:\WINDOWS\system32\uxtheme.dll
0x00007ffe74f40000 - 0x00007ffe7a724000 	C:\WINDOWS\System32\DriverStore\FileRepository\igdlh64.inf_amd64_463164d40c3d26ce\igdumdim64.dll
0x00007ffeb7f20000 - 0x00007ffeb7fdf000 	C:\WINDOWS\System32\OLEAUT32.dll
0x00007ffeb5660000 - 0x00007ffeb56fc000 	C:\WINDOWS\System32\msvcp_win.dll
0x00007ffeb59d0000 - 0x00007ffeb5b07000 	C:\WINDOWS\System32\ole32.dll
0x00007ffeb5d70000 - 0x00007ffeb6199000 	C:\WINDOWS\System32\SETUPAPI.dll
0x00000000607c0000 - 0x0000000060803000 	D:\Java\jdk1.8.0_101\jre\bin\glass.dll
0x00007ffeb6700000 - 0x00007ffeb67fa000 	C:\WINDOWS\System32\COMDLG32.dll
0x00007ffeb7d70000 - 0x00007ffeb7eca000 	C:\WINDOWS\System32\MSCTF.dll
0x00007ffead2e0000 - 0x00007ffeae43d000 	C:\WINDOWS\System32\DriverStore\FileRepository\igdlh64.inf_amd64_463164d40c3d26ce\igc64.dll
0x0000000060780000 - 0x0000000060794000 	D:\Java\jdk1.8.0_101\jre\bin\javafx_font.dll
0x00007ffea8630000 - 0x00007ffea8899000 	C:\WINDOWS\SYSTEM32\dwrite.dll
0x00007ffeb6660000 - 0x00007ffeb66ff000 	C:\WINDOWS\System32\clbcatq.dll
0x00007ffeb1a90000 - 0x00007ffeb1c38000 	C:\WINDOWS\SYSTEM32\WindowsCodecs.dll
0x00007ffe951e0000 - 0x00007ffe95229000 	C:\WINDOWS\system32\dataexchange.dll
0x00007ffeb1340000 - 0x00007ffeb15f6000 	C:\WINDOWS\system32\d3d11.dll
0x00007ffeb2730000 - 0x00007ffeb2881000 	C:\WINDOWS\system32\dcomp.dll
0x00007ffeb3770000 - 0x00007ffeb380f000 	C:\WINDOWS\system32\dxgi.dll
0x00007ffeb3240000 - 0x00007ffeb335c000 	C:\WINDOWS\system32\twinapi.appcore.dll
0x00007ffeb43d0000 - 0x00007ffeb43fb000 	C:\WINDOWS\system32\bcrypt.dll
0x00007ffea6590000 - 0x00007ffea65c2000 	C:\Program Files\Common Files\Microsoft Shared\Ink\rtscom.dll
0x0000000060760000 - 0x0000000060771000 	D:\Java\jdk1.8.0_101\jre\bin\prism_common.dll
0x00007ffeacd80000 - 0x00007ffead2df000 	C:\WINDOWS\SYSTEM32\d2d1.dll
0x00007ffeb49f0000 - 0x00007ffeb4bb9000 	C:\WINDOWS\System32\CRYPT32.dll
0x00007ffeb4870000 - 0x00007ffeb4880000 	C:\WINDOWS\System32\MSASN1.dll
0x00007ffe8cd00000 - 0x00007ffe8cf8d000 	C:\WINDOWS\SYSTEM32\D3D10Warp.dll
0x00007ffeab090000 - 0x00007ffeab222000 	C:\WINDOWS\SYSTEM32\dbghelp.dll

VM Arguments:
jvm_args: -Didea.launcher.port=7536 -Didea.launcher.bin.path=C:\Program Files (x86)\JetBrains\IntelliJ IDEA Community Edition 2016.3.2\bin -Dfile.encoding=UTF-8 
java_command: com.intellij.rt.execution.application.AppMain uk.ac.edgehill.keidel.alexander.InitialPrototype.NeuralNetworkArchitecturePerformanceTesting.Interface.MainInterface
java_class_path (initial): C:\Users\User\OneDrive\Edge Hill\Year 4\RDP\Prototype\Initial_Prototype\out\production\NeurophPrototypes;D:\Java\jdk1.8.0_101\jre\lib\charsets.jar;D:\Java\jdk1.8.0_101\jre\lib\deploy.jar;D:\Java\jdk1.8.0_101\jre\lib\ext\access-bridge-64.jar;D:\Java\jdk1.8.0_101\jre\lib\ext\cldrdata.jar;D:\Java\jdk1.8.0_101\jre\lib\ext\dnsns.jar;D:\Java\jdk1.8.0_101\jre\lib\ext\jaccess.jar;D:\Java\jdk1.8.0_101\jre\lib\ext\jfxrt.jar;D:\Java\jdk1.8.0_101\jre\lib\ext\localedata.jar;D:\Java\jdk1.8.0_101\jre\lib\ext\nashorn.jar;D:\Java\jdk1.8.0_101\jre\lib\ext\sunec.jar;D:\Java\jdk1.8.0_101\jre\lib\ext\sunjce_provider.jar;D:\Java\jdk1.8.0_101\jre\lib\ext\sunmscapi.jar;D:\Java\jdk1.8.0_101\jre\lib\ext\sunpkcs11.jar;D:\Java\jdk1.8.0_101\jre\lib\ext\zipfs.jar;D:\Java\jdk1.8.0_101\jre\lib\javaws.jar;D:\Java\jdk1.8.0_101\jre\lib\jce.jar;D:\Java\jdk1.8.0_101\jre\lib\jfr.jar;D:\Java\jdk1.8.0_101\jre\lib\jfxswt.jar;D:\Java\jdk1.8.0_101\jre\lib\jsse.jar;D:\Java\jdk1.8.0_101\jre\lib\management-agent.jar;D:\Java\jdk1.8.0_101\jre\lib\plugin.jar;D:\Java\jdk1.8.0_101\jre\lib\resources.jar;D:\Java\jdk1.8.0_101\jre\lib\rt.jar;C:\Users\User\OneDrive\Edge Hill\Year 4\RDP\Prototype\Initial_Prototype\libs\neuroph-2.6.jar;C:\Users\User\OneDrive\Edge Hill\Year 4\RDP\Prototype\Initial_Prototype\neuroph-2.92\neuroph-ocr-2.92.jar;C:\Users\User\OneDrive\Edge Hill\Year 4\RDP\Prototype\Initial_Prototype\neuroph-2.92\neuroph-core-2.92.jar;C:\Users\User\OneDrive\Edge Hill\Year 4\RDP\Prototype\Initial_Prototype\neuroph-2.92\neuroph-imgrec-2.92.jar;C:\Users\User\OneDrive\Edge Hill\Year 4\RDP\Prototype\Initial_Prototype\neuroph-2.92\neuroph-contrib-2.92.jar;C:\Users\User\OneDrive\Edge Hill\Year 4\RDP\Prototype\Initial_Prototype\neuroph-2.92\neuroph-samples-2.92.jar;C:\Users\User\OneDrive\Edge Hill\Year 4\RDP\Prototype\Initial_Prototype\neuroph-2.92\neuroph-adapters-2.92.jar;C:\Users\User\OneDrive\Edge Hill\Year 4\RDP\Prototype\Initial_Prototype\encog-core-2.5.3.jar;C:\Program Files (x86)\JetB
Launcher Type: SUN_STANDARD

Environment Variables:
PATH=C:\ProgramData\Oracle\Java\javapath;C:\Program Files (x86)\Intel\iCLS Client\;C:\Program Files\Intel\iCLS Client\;C:\Windows\system32;C:\Windows;C:\Windows\System32\Wbem;C:\Windows\System32\WindowsPowerShell\v1.0\;C:\Program Files (x86)\NVIDIA Corporation\PhysX\Common;C:\Program Files (x86)\Intel\Intel(R) Management Engine Components\DAL;C:\Program Files\Intel\Intel(R) Management Engine Components\DAL;C:\Program Files (x86)\Intel\Intel(R) Management Engine Components\IPT;C:\Program Files\Intel\Intel(R) Management Engine Components\IPT;C:\Program Files\Intel\WiFi\bin\;C:\Program Files\Common Files\Intel\WirelessCommon\;C:\WINDOWS\system32;C:\WINDOWS;C:\WINDOWS\System32\Wbem;C:\WINDOWS\System32\WindowsPowerShell\v1.0\;C:\Program Files (x86)\GtkSharp\2.12\bin;C:\Program Files\Git\cmd;C:\Program Files (x86)\Skype\Phone\;C:\Users\User\AppData\Local\Microsoft\WindowsApps;;C:\Users\User\.lein\bin
USERNAME=User
OS=Windows_NT
PROCESSOR_IDENTIFIER=Intel64 Family 6 Model 78 Stepping 3, GenuineIntel



---------------  S Y S T E M  ---------------

OS: Windows 10.0 , 64 bit Build 14393 (10.0.14393.0)

CPU:total 4 (2 cores per cpu, 2 threads per core) family 6 model 78 stepping 3, cmov, cx8, fxsr, mmx, sse, sse2, sse3, ssse3, sse4.1, sse4.2, popcnt, avx, avx2, aes, clmul, erms, 3dnowpref, lzcnt, ht, tsc, tscinvbit, bmi1, bmi2, adx

Memory: 4k page, physical 8278292k(1445472k free), swap 12341524k(2574232k free)

vm_info: Java HotSpot(TM) 64-Bit Server VM (25.101-b13) for windows-amd64 JRE (1.8.0_101-b13), built on Jun 22 2016 01:21:29 by "java_re" with MS VC++ 10.0 (VS2010)

time: Fri Mar 31 19:55:24 2017
elapsed time: 1552 seconds (0d 0h 25m 52s)

